2025-05-06T16:49:56.900Z CLI debug [testhub:service]     loaded module: _0x144051
2025-05-06T16:49:56.901Z CLI debug [instrumentation:service]     loaded module: instrumentation:module
2025-05-06T16:49:56.901Z CLI debug [observability:service]     loaded module: observability:module
2025-05-06T16:49:56.902Z CLI debug [accessibility:service]     loaded module: accessibility:module
2025-05-06T16:49:56.903Z CLI debug [ai:service]     loaded module: _0x4497f0
2025-05-06T16:49:56.903Z CLI debug [percy:service]     loaded module: _0x26561c
2025-05-06T16:49:56.904Z CLI debug [local:service]     loaded module: _0xa61b36
2025-05-06T16:49:56.905Z CLI debug [appautomate:service]     loaded module: appautomate:module
2025-05-06T16:49:57.038Z CLI debug [main]     Starting main function execution
2025-05-06T16:49:57.040Z CLI debug [main]     Executing CLI
2025-05-06T16:50:09.468Z CLI debug [testhub:service]     loaded module: _0x144051
2025-05-06T16:50:09.471Z CLI debug [instrumentation:service]     loaded module: instrumentation:module
2025-05-06T16:50:09.472Z CLI debug [observability:service]     loaded module: observability:module
2025-05-06T16:50:09.473Z CLI debug [accessibility:service]     loaded module: accessibility:module
2025-05-06T16:50:09.473Z CLI debug [ai:service]     loaded module: _0x4497f0
2025-05-06T16:50:09.474Z CLI debug [percy:service]     loaded module: _0x26561c
2025-05-06T16:50:09.476Z CLI debug [local:service]     loaded module: _0xa61b36
2025-05-06T16:50:09.476Z CLI debug [appautomate:service]     loaded module: appautomate:module
2025-05-06T16:50:09.693Z CLI debug [main]     Starting main function execution
2025-05-06T16:50:09.695Z CLI debug [main]     Executing CLI
2025-05-06T16:59:33.692Z CLI debug [testhub:service]     loaded module: _0x144051
2025-05-06T16:59:33.692Z CLI debug [instrumentation:service]     loaded module: instrumentation:module
2025-05-06T16:59:33.692Z CLI debug [observability:service]     loaded module: observability:module
2025-05-06T16:59:33.693Z CLI debug [accessibility:service]     loaded module: accessibility:module
2025-05-06T16:59:33.693Z CLI debug [ai:service]     loaded module: _0x4497f0
2025-05-06T16:59:33.694Z CLI debug [percy:service]     loaded module: _0x26561c
2025-05-06T16:59:33.695Z CLI debug [local:service]     loaded module: _0xa61b36
2025-05-06T16:59:33.695Z CLI debug [appautomate:service]     loaded module: appautomate:module
2025-05-06T16:59:33.805Z CLI debug [main]     Starting main function execution
2025-05-06T16:59:33.808Z CLI debug [main]     Executing CLI
2025-05-06T16:59:44.731Z CLI debug [testhub:service]     loaded module: _0x144051
2025-05-06T16:59:44.731Z CLI debug [instrumentation:service]     loaded module: instrumentation:module
2025-05-06T16:59:44.731Z CLI debug [observability:service]     loaded module: observability:module
2025-05-06T16:59:44.732Z CLI debug [accessibility:service]     loaded module: accessibility:module
2025-05-06T16:59:44.732Z CLI debug [ai:service]     loaded module: _0x4497f0
2025-05-06T16:59:44.732Z CLI debug [percy:service]     loaded module: _0x26561c
2025-05-06T16:59:44.733Z CLI debug [local:service]     loaded module: _0xa61b36
2025-05-06T16:59:44.734Z CLI debug [appautomate:service]     loaded module: appautomate:module
2025-05-06T16:59:44.833Z CLI debug [main]     Starting main function execution
2025-05-06T16:59:44.835Z CLI debug [main]     Executing CLI
2025-05-06T17:24:06.273Z CLI debug [testhub:service]     loaded module: _0x144051
2025-05-06T17:24:06.273Z CLI debug [instrumentation:service]     loaded module: instrumentation:module
2025-05-06T17:24:06.273Z CLI debug [observability:service]     loaded module: observability:module
2025-05-06T17:24:06.274Z CLI debug [accessibility:service]     loaded module: accessibility:module
2025-05-06T17:24:06.274Z CLI debug [ai:service]     loaded module: _0x4497f0
2025-05-06T17:24:06.275Z CLI debug [percy:service]     loaded module: _0x26561c
2025-05-06T17:24:06.276Z CLI debug [local:service]     loaded module: _0xa61b36
2025-05-06T17:24:06.276Z CLI debug [appautomate:service]     loaded module: appautomate:module
2025-05-06T17:24:06.369Z CLI debug [main]     Starting main function execution
2025-05-06T17:24:06.371Z CLI debug [main]     Executing CLI
2025-05-06T17:24:17.458Z CLI debug [testhub:service]     loaded module: _0x144051
2025-05-06T17:24:17.459Z CLI debug [instrumentation:service]     loaded module: instrumentation:module
2025-05-06T17:24:17.459Z CLI debug [observability:service]     loaded module: observability:module
2025-05-06T17:24:17.460Z CLI debug [accessibility:service]     loaded module: accessibility:module
2025-05-06T17:24:17.461Z CLI debug [ai:service]     loaded module: _0x4497f0
2025-05-06T17:24:17.462Z CLI debug [percy:service]     loaded module: _0x26561c
2025-05-06T17:24:17.464Z CLI debug [local:service]     loaded module: _0xa61b36
2025-05-06T17:24:17.464Z CLI debug [appautomate:service]     loaded module: appautomate:module
2025-05-06T17:24:17.629Z CLI debug [main]     Starting main function execution
2025-05-06T17:24:17.632Z CLI debug [main]     Executing CLI
2025-05-06T17:29:24.356Z CLI debug [testhub:service]     loaded module: _0x144051
2025-05-06T17:29:24.357Z CLI debug [instrumentation:service]     loaded module: instrumentation:module
2025-05-06T17:29:24.357Z CLI debug [observability:service]     loaded module: observability:module
2025-05-06T17:29:24.357Z CLI debug [accessibility:service]     loaded module: accessibility:module
2025-05-06T17:29:24.358Z CLI debug [ai:service]     loaded module: _0x4497f0
2025-05-06T17:29:24.358Z CLI debug [percy:service]     loaded module: _0x26561c
2025-05-06T17:29:24.359Z CLI debug [local:service]     loaded module: _0xa61b36
2025-05-06T17:29:24.359Z CLI debug [appautomate:service]     loaded module: appautomate:module
2025-05-06T17:29:24.454Z CLI debug [main]     Starting main function execution
2025-05-06T17:29:24.455Z CLI debug [main]     Executing CLI
2025-05-06T17:29:40.184Z CLI debug [testhub:service]     loaded module: _0x144051
2025-05-06T17:29:40.185Z CLI debug [instrumentation:service]     loaded module: instrumentation:module
2025-05-06T17:29:40.185Z CLI debug [observability:service]     loaded module: observability:module
2025-05-06T17:29:40.186Z CLI debug [accessibility:service]     loaded module: accessibility:module
2025-05-06T17:29:40.187Z CLI debug [ai:service]     loaded module: _0x4497f0
2025-05-06T17:29:40.187Z CLI debug [percy:service]     loaded module: _0x26561c
2025-05-06T17:29:40.189Z CLI debug [local:service]     loaded module: _0xa61b36
2025-05-06T17:29:40.189Z CLI debug [appautomate:service]     loaded module: appautomate:module
2025-05-06T17:29:40.373Z CLI debug [main]     Starting main function execution
2025-05-06T17:29:40.376Z CLI debug [main]     Executing CLI
2025-05-06T17:29:40.208Z CLI debug [testhub:service]     loaded module: _0x144051
2025-05-06T17:29:40.209Z CLI debug [instrumentation:service]     loaded module: instrumentation:module
2025-05-06T17:29:40.209Z CLI debug [observability:service]     loaded module: observability:module
2025-05-06T17:29:40.210Z CLI debug [accessibility:service]     loaded module: accessibility:module
2025-05-06T17:29:40.213Z CLI debug [ai:service]     loaded module: _0x4497f0
2025-05-06T17:29:40.215Z CLI debug [percy:service]     loaded module: _0x26561c
2025-05-06T17:29:40.216Z CLI debug [local:service]     loaded module: _0xa61b36
2025-05-06T17:29:40.217Z CLI debug [appautomate:service]     loaded module: appautomate:module
2025-05-06T17:29:40.407Z CLI debug [main]     Starting main function execution
2025-05-06T17:29:40.412Z CLI debug [main]     Executing CLI
2025-05-06T17:29:40.556Z CLI debug [testhub:service]     loaded module: _0x144051
2025-05-06T17:29:40.557Z CLI debug [instrumentation:service]     loaded module: instrumentation:module
2025-05-06T17:29:40.557Z CLI debug [observability:service]     loaded module: observability:module
2025-05-06T17:29:40.558Z CLI debug [accessibility:service]     loaded module: accessibility:module
2025-05-06T17:29:40.559Z CLI debug [ai:service]     loaded module: _0x4497f0
2025-05-06T17:29:40.560Z CLI debug [percy:service]     loaded module: _0x26561c
2025-05-06T17:29:40.563Z CLI debug [local:service]     loaded module: _0xa61b36
2025-05-06T17:29:40.564Z CLI debug [appautomate:service]     loaded module: appautomate:module
2025-05-06T17:29:41.014Z CLI debug [main]     Starting main function execution
2025-05-06T17:29:41.023Z CLI debug [main]     Executing CLI
2025-05-06T17:31:28.431Z CLI debug [testhub:service]     loaded module: _0x144051
2025-05-06T17:31:28.431Z CLI debug [instrumentation:service]     loaded module: instrumentation:module
2025-05-06T17:31:28.431Z CLI debug [observability:service]     loaded module: observability:module
2025-05-06T17:31:28.432Z CLI debug [accessibility:service]     loaded module: accessibility:module
2025-05-06T17:31:28.432Z CLI debug [ai:service]     loaded module: _0x4497f0
2025-05-06T17:31:28.432Z CLI debug [percy:service]     loaded module: _0x26561c
2025-05-06T17:31:28.433Z CLI debug [local:service]     loaded module: _0xa61b36
2025-05-06T17:31:28.434Z CLI debug [appautomate:service]     loaded module: appautomate:module
2025-05-06T17:31:28.564Z CLI debug [main]     Starting main function execution
2025-05-06T17:31:28.569Z CLI debug [main]     Executing CLI
2025-05-06T17:31:40.416Z CLI debug [testhub:service]     loaded module: _0x144051
2025-05-06T17:31:40.417Z CLI debug [instrumentation:service]     loaded module: instrumentation:module
2025-05-06T17:31:40.417Z CLI debug [observability:service]     loaded module: observability:module
2025-05-06T17:31:40.418Z CLI debug [accessibility:service]     loaded module: accessibility:module
2025-05-06T17:31:40.418Z CLI debug [ai:service]     loaded module: _0x4497f0
2025-05-06T17:31:40.419Z CLI debug [percy:service]     loaded module: _0x26561c
2025-05-06T17:31:40.420Z CLI debug [local:service]     loaded module: _0xa61b36
2025-05-06T17:31:40.420Z CLI debug [appautomate:service]     loaded module: appautomate:module
2025-05-06T17:31:40.525Z CLI debug [main]     Starting main function execution
2025-05-06T17:31:40.527Z CLI debug [main]     Executing CLI
2025-05-06T17:34:18.937Z CLI debug [testhub:service]     loaded module: _0x144051
2025-05-06T17:34:18.938Z CLI debug [instrumentation:service]     loaded module: instrumentation:module
2025-05-06T17:34:18.938Z CLI debug [observability:service]     loaded module: observability:module
2025-05-06T17:34:18.938Z CLI debug [accessibility:service]     loaded module: accessibility:module
2025-05-06T17:34:18.939Z CLI debug [ai:service]     loaded module: _0x4497f0
2025-05-06T17:34:18.939Z CLI debug [percy:service]     loaded module: _0x26561c
2025-05-06T17:34:18.940Z CLI debug [local:service]     loaded module: _0xa61b36
2025-05-06T17:34:18.941Z CLI debug [appautomate:service]     loaded module: appautomate:module
2025-05-06T17:34:19.111Z CLI debug [main]     Starting main function execution
2025-05-06T17:34:19.112Z CLI debug [main]     Executing CLI
2025-05-06T17:34:28.132Z CLI debug [testhub:service]     loaded module: _0x144051
2025-05-06T17:34:28.133Z CLI debug [instrumentation:service]     loaded module: instrumentation:module
2025-05-06T17:34:28.133Z CLI debug [observability:service]     loaded module: observability:module
2025-05-06T17:34:28.134Z CLI debug [accessibility:service]     loaded module: accessibility:module
2025-05-06T17:34:28.134Z CLI debug [ai:service]     loaded module: _0x4497f0
2025-05-06T17:34:28.135Z CLI debug [percy:service]     loaded module: _0x26561c
2025-05-06T17:34:28.135Z CLI debug [local:service]     loaded module: _0xa61b36
2025-05-06T17:34:28.136Z CLI debug [appautomate:service]     loaded module: appautomate:module
2025-05-06T17:34:28.227Z CLI debug [main]     Starting main function execution
2025-05-06T17:34:28.228Z CLI debug [main]     Executing CLI
2025-05-06T17:56:04.379Z CLI debug [testhub:service]     loaded module: _0x144051
2025-05-06T17:56:04.379Z CLI debug [instrumentation:service]     loaded module: instrumentation:module
2025-05-06T17:56:04.380Z CLI debug [observability:service]     loaded module: observability:module
2025-05-06T17:56:04.380Z CLI debug [accessibility:service]     loaded module: accessibility:module
2025-05-06T17:56:04.380Z CLI debug [ai:service]     loaded module: _0x4497f0
2025-05-06T17:56:04.381Z CLI debug [percy:service]     loaded module: _0x26561c
2025-05-06T17:56:04.382Z CLI debug [local:service]     loaded module: _0xa61b36
2025-05-06T17:56:04.382Z CLI debug [appautomate:service]     loaded module: appautomate:module
2025-05-06T17:56:04.478Z CLI debug [main]     Starting main function execution
2025-05-06T17:56:04.480Z CLI debug [main]     Executing CLI
2025-05-06T17:56:13.436Z CLI debug [testhub:service]     loaded module: _0x144051
2025-05-06T17:56:13.437Z CLI debug [instrumentation:service]     loaded module: instrumentation:module
2025-05-06T17:56:13.437Z CLI debug [observability:service]     loaded module: observability:module
2025-05-06T17:56:13.438Z CLI debug [accessibility:service]     loaded module: accessibility:module
2025-05-06T17:56:13.438Z CLI debug [ai:service]     loaded module: _0x4497f0
2025-05-06T17:56:13.438Z CLI debug [percy:service]     loaded module: _0x26561c
2025-05-06T17:56:13.439Z CLI debug [local:service]     loaded module: _0xa61b36
2025-05-06T17:56:13.439Z CLI debug [appautomate:service]     loaded module: appautomate:module
2025-05-06T17:56:13.540Z CLI debug [main]     Starting main function execution
2025-05-06T17:56:13.542Z CLI debug [main]     Executing CLI
2025-05-06T18:42:25.498Z CLI debug [testhub:service]     loaded module: _0x144051
2025-05-06T18:42:25.498Z CLI debug [instrumentation:service]     loaded module: instrumentation:module
2025-05-06T18:42:25.499Z CLI debug [observability:service]     loaded module: observability:module
2025-05-06T18:42:25.499Z CLI debug [accessibility:service]     loaded module: accessibility:module
2025-05-06T18:42:25.499Z CLI debug [ai:service]     loaded module: _0x4497f0
2025-05-06T18:42:25.500Z CLI debug [percy:service]     loaded module: _0x26561c
2025-05-06T18:42:25.501Z CLI debug [local:service]     loaded module: _0xa61b36
2025-05-06T18:42:25.501Z CLI debug [appautomate:service]     loaded module: appautomate:module
2025-05-06T18:42:25.598Z CLI debug [main]     Starting main function execution
2025-05-06T18:42:25.601Z CLI debug [main]     Executing CLI
2025-05-06T18:42:45.419Z CLI debug [testhub:service]     loaded module: _0x144051
2025-05-06T18:42:45.420Z CLI debug [instrumentation:service]     loaded module: instrumentation:module
2025-05-06T18:42:45.420Z CLI debug [observability:service]     loaded module: observability:module
2025-05-06T18:42:45.420Z CLI debug [accessibility:service]     loaded module: accessibility:module
2025-05-06T18:42:45.421Z CLI debug [ai:service]     loaded module: _0x4497f0
2025-05-06T18:42:45.421Z CLI debug [percy:service]     loaded module: _0x26561c
2025-05-06T18:42:45.423Z CLI debug [local:service]     loaded module: _0xa61b36
2025-05-06T18:42:45.423Z CLI debug [appautomate:service]     loaded module: appautomate:module
2025-05-06T18:42:45.516Z CLI debug [main]     Starting main function execution
2025-05-06T18:42:45.517Z CLI debug [main]     Executing CLI
2025-05-06T18:57:22.662Z CLI debug [testhub:service]     loaded module: _0x144051
2025-05-06T18:57:22.663Z CLI debug [instrumentation:service]     loaded module: instrumentation:module
2025-05-06T18:57:22.663Z CLI debug [observability:service]     loaded module: observability:module
2025-05-06T18:57:22.664Z CLI debug [accessibility:service]     loaded module: accessibility:module
2025-05-06T18:57:22.664Z CLI debug [ai:service]     loaded module: _0x4497f0
2025-05-06T18:57:22.665Z CLI debug [percy:service]     loaded module: _0x26561c
2025-05-06T18:57:22.666Z CLI debug [local:service]     loaded module: _0xa61b36
2025-05-06T18:57:22.667Z CLI debug [appautomate:service]     loaded module: appautomate:module
2025-05-06T18:57:22.802Z CLI debug [main]     Starting main function execution
2025-05-06T18:57:22.803Z CLI debug [main]     Executing CLI
2025-05-06T18:57:40.231Z CLI debug [testhub:service]     loaded module: _0x144051
2025-05-06T18:57:40.232Z CLI debug [instrumentation:service]     loaded module: instrumentation:module
2025-05-06T18:57:40.232Z CLI debug [observability:service]     loaded module: observability:module
2025-05-06T18:57:40.232Z CLI debug [accessibility:service]     loaded module: accessibility:module
2025-05-06T18:57:40.233Z CLI debug [ai:service]     loaded module: _0x4497f0
2025-05-06T18:57:40.233Z CLI debug [percy:service]     loaded module: _0x26561c
2025-05-06T18:57:40.234Z CLI debug [local:service]     loaded module: _0xa61b36
2025-05-06T18:57:40.234Z CLI debug [appautomate:service]     loaded module: appautomate:module
2025-05-06T18:57:40.335Z CLI debug [main]     Starting main function execution
2025-05-06T18:57:40.337Z CLI debug [main]     Executing CLI
2025-05-08T00:38:25.609Z CLI debug [testhub:service]     loaded module: _0x144051
2025-05-08T00:38:25.609Z CLI debug [instrumentation:service]     loaded module: instrumentation:module
2025-05-08T00:38:25.610Z CLI debug [observability:service]     loaded module: observability:module
2025-05-08T00:38:25.610Z CLI debug [accessibility:service]     loaded module: accessibility:module
2025-05-08T00:38:25.611Z CLI debug [ai:service]     loaded module: _0x4497f0
2025-05-08T00:38:25.612Z CLI debug [percy:service]     loaded module: _0x26561c
2025-05-08T00:38:25.613Z CLI debug [local:service]     loaded module: _0xa61b36
2025-05-08T00:38:25.613Z CLI debug [appautomate:service]     loaded module: appautomate:module
2025-05-08T00:38:25.920Z CLI debug [main]     Starting main function execution
2025-05-08T00:38:25.922Z CLI debug [main]     Executing CLI
2025-05-08T00:39:05.080Z CLI debug [testhub:service]     loaded module: _0x18400b
2025-05-08T00:39:05.080Z CLI debug [instrumentation:service]     loaded module: instrumentation:module
2025-05-08T00:39:05.080Z CLI debug [observability:service]     loaded module: observability:module
2025-05-08T00:39:05.081Z CLI debug [accessibility:service]     loaded module: accessibility:module
2025-05-08T00:39:05.081Z CLI debug [ai:service]     loaded module: _0xd51c03
2025-05-08T00:39:05.081Z CLI debug [percy:service]     loaded module: _0x3bb427
2025-05-08T00:39:05.083Z CLI debug [local:service]     loaded module: _0x657cbc
2025-05-08T00:39:05.083Z CLI debug [appautomate:service]     loaded module: appautomate:module
2025-05-08T00:39:05.188Z CLI debug [main]     Starting main function execution
2025-05-08T00:39:05.190Z CLI debug [main]     Executing CLI
2025-05-08T00:40:41.569Z CLI debug [testhub:service]     loaded module: _0x18400b
2025-05-08T00:40:41.570Z CLI debug [instrumentation:service]     loaded module: instrumentation:module
2025-05-08T00:40:41.570Z CLI debug [observability:service]     loaded module: observability:module
2025-05-08T00:40:41.571Z CLI debug [accessibility:service]     loaded module: accessibility:module
2025-05-08T00:40:41.571Z CLI debug [ai:service]     loaded module: _0xd51c03
2025-05-08T00:40:41.571Z CLI debug [percy:service]     loaded module: _0x3bb427
2025-05-08T00:40:41.573Z CLI debug [local:service]     loaded module: _0x657cbc
2025-05-08T00:40:41.573Z CLI debug [appautomate:service]     loaded module: appautomate:module
2025-05-08T00:40:41.677Z CLI debug [main]     Starting main function execution
2025-05-08T00:40:41.679Z CLI debug [main]     Executing CLI
2025-05-08T00:41:13.583Z CLI debug [testhub:service]     loaded module: _0x18400b
2025-05-08T00:41:13.584Z CLI debug [instrumentation:service]     loaded module: instrumentation:module
2025-05-08T00:41:13.584Z CLI debug [observability:service]     loaded module: observability:module
2025-05-08T00:41:13.584Z CLI debug [accessibility:service]     loaded module: accessibility:module
2025-05-08T00:41:13.585Z CLI debug [ai:service]     loaded module: _0xd51c03
2025-05-08T00:41:13.585Z CLI debug [percy:service]     loaded module: _0x3bb427
2025-05-08T00:41:13.586Z CLI debug [local:service]     loaded module: _0x657cbc
2025-05-08T00:41:13.586Z CLI debug [appautomate:service]     loaded module: appautomate:module
2025-05-08T00:41:13.708Z CLI debug [main]     Starting main function execution
2025-05-08T00:41:13.709Z CLI debug [main]     Executing CLI
2025-05-08T01:17:03.680Z CLI debug [testhub:service]     loaded module: _0x18400b
2025-05-08T01:17:03.681Z CLI debug [instrumentation:service]     loaded module: instrumentation:module
2025-05-08T01:17:03.682Z CLI debug [observability:service]     loaded module: observability:module
2025-05-08T01:17:03.683Z CLI debug [accessibility:service]     loaded module: accessibility:module
2025-05-08T01:17:03.684Z CLI debug [ai:service]     loaded module: _0xd51c03
2025-05-08T01:17:03.684Z CLI debug [percy:service]     loaded module: _0x3bb427
2025-05-08T01:17:03.686Z CLI debug [local:service]     loaded module: _0x657cbc
2025-05-08T01:17:03.686Z CLI debug [appautomate:service]     loaded module: appautomate:module
2025-05-08T01:17:03.804Z CLI debug [main]     Starting main function execution
2025-05-08T01:17:03.806Z CLI debug [main]     Executing CLI
2025-05-08T01:17:34.223Z CLI debug [testhub:service]     loaded module: _0x18400b
2025-05-08T01:17:34.223Z CLI debug [instrumentation:service]     loaded module: instrumentation:module
2025-05-08T01:17:34.223Z CLI debug [observability:service]     loaded module: observability:module
2025-05-08T01:17:34.225Z CLI debug [accessibility:service]     loaded module: accessibility:module
2025-05-08T01:17:34.225Z CLI debug [ai:service]     loaded module: _0xd51c03
2025-05-08T01:17:34.226Z CLI debug [percy:service]     loaded module: _0x3bb427
2025-05-08T01:17:34.227Z CLI debug [local:service]     loaded module: _0x657cbc
2025-05-08T01:17:34.228Z CLI debug [appautomate:service]     loaded module: appautomate:module
2025-05-08T01:17:34.332Z CLI debug [main]     Starting main function execution
2025-05-08T01:17:34.335Z CLI debug [main]     Executing CLI
2025-05-08T01:27:58.217Z CLI debug [testhub:service]     loaded module: _0x18400b
2025-05-08T01:27:58.218Z CLI debug [instrumentation:service]     loaded module: instrumentation:module
2025-05-08T01:27:58.218Z CLI debug [observability:service]     loaded module: observability:module
2025-05-08T01:27:58.219Z CLI debug [accessibility:service]     loaded module: accessibility:module
2025-05-08T01:27:58.219Z CLI debug [ai:service]     loaded module: _0xd51c03
2025-05-08T01:27:58.219Z CLI debug [percy:service]     loaded module: _0x3bb427
2025-05-08T01:27:58.220Z CLI debug [local:service]     loaded module: _0x657cbc
2025-05-08T01:27:58.221Z CLI debug [appautomate:service]     loaded module: appautomate:module
2025-05-08T01:27:58.320Z CLI debug [main]     Starting main function execution
2025-05-08T01:27:58.321Z CLI debug [main]     Executing CLI
2025-05-08T01:28:27.170Z CLI debug [testhub:service]     loaded module: _0x18400b
2025-05-08T01:28:27.171Z CLI debug [instrumentation:service]     loaded module: instrumentation:module
2025-05-08T01:28:27.171Z CLI debug [observability:service]     loaded module: observability:module
2025-05-08T01:28:27.172Z CLI debug [accessibility:service]     loaded module: accessibility:module
2025-05-08T01:28:27.172Z CLI debug [ai:service]     loaded module: _0xd51c03
2025-05-08T01:28:27.172Z CLI debug [percy:service]     loaded module: _0x3bb427
2025-05-08T01:28:27.173Z CLI debug [local:service]     loaded module: _0x657cbc
2025-05-08T01:28:27.173Z CLI debug [appautomate:service]     loaded module: appautomate:module
2025-05-08T01:28:27.273Z CLI debug [main]     Starting main function execution
2025-05-08T01:28:27.274Z CLI debug [main]     Executing CLI
2025-05-08T02:03:13.714Z CLI debug [testhub:service]     loaded module: _0x18400b
2025-05-08T02:03:13.715Z CLI debug [instrumentation:service]     loaded module: instrumentation:module
2025-05-08T02:03:13.715Z CLI debug [observability:service]     loaded module: observability:module
2025-05-08T02:03:13.716Z CLI debug [accessibility:service]     loaded module: accessibility:module
2025-05-08T02:03:13.716Z CLI debug [ai:service]     loaded module: _0xd51c03
2025-05-08T02:03:13.716Z CLI debug [percy:service]     loaded module: _0x3bb427
2025-05-08T02:03:13.718Z CLI debug [local:service]     loaded module: _0x657cbc
2025-05-08T02:03:13.718Z CLI debug [appautomate:service]     loaded module: appautomate:module
2025-05-08T02:03:13.815Z CLI debug [main]     Starting main function execution
2025-05-08T02:03:13.816Z CLI debug [main]     Executing CLI
2025-05-08T02:03:43.375Z CLI debug [testhub:service]     loaded module: _0x18400b
2025-05-08T02:03:43.376Z CLI debug [instrumentation:service]     loaded module: instrumentation:module
2025-05-08T02:03:43.376Z CLI debug [observability:service]     loaded module: observability:module
2025-05-08T02:03:43.377Z CLI debug [accessibility:service]     loaded module: accessibility:module
2025-05-08T02:03:43.379Z CLI debug [ai:service]     loaded module: _0xd51c03
2025-05-08T02:03:43.379Z CLI debug [percy:service]     loaded module: _0x3bb427
2025-05-08T02:03:43.381Z CLI debug [local:service]     loaded module: _0x657cbc
2025-05-08T02:03:43.381Z CLI debug [appautomate:service]     loaded module: appautomate:module
2025-05-08T02:03:43.558Z CLI debug [main]     Starting main function execution
2025-05-08T02:03:43.561Z CLI debug [main]     Executing CLI
2025-05-08T02:05:48.208Z CLI debug [testhub:service]     loaded module: _0x18400b
2025-05-08T02:05:48.209Z CLI debug [instrumentation:service]     loaded module: instrumentation:module
2025-05-08T02:05:48.209Z CLI debug [observability:service]     loaded module: observability:module
2025-05-08T02:05:48.210Z CLI debug [accessibility:service]     loaded module: accessibility:module
2025-05-08T02:05:48.210Z CLI debug [ai:service]     loaded module: _0xd51c03
2025-05-08T02:05:48.211Z CLI debug [percy:service]     loaded module: _0x3bb427
2025-05-08T02:05:48.213Z CLI debug [local:service]     loaded module: _0x657cbc
2025-05-08T02:05:48.213Z CLI debug [appautomate:service]     loaded module: appautomate:module
2025-05-08T02:05:48.317Z CLI debug [main]     Starting main function execution
2025-05-08T02:05:48.320Z CLI debug [main]     Executing CLI
2025-05-08T02:06:15.739Z CLI debug [testhub:service]     loaded module: _0x18400b
2025-05-08T02:06:15.740Z CLI debug [instrumentation:service]     loaded module: instrumentation:module
2025-05-08T02:06:15.740Z CLI debug [observability:service]     loaded module: observability:module
2025-05-08T02:06:15.741Z CLI debug [accessibility:service]     loaded module: accessibility:module
2025-05-08T02:06:15.741Z CLI debug [ai:service]     loaded module: _0xd51c03
2025-05-08T02:06:15.741Z CLI debug [percy:service]     loaded module: _0x3bb427
2025-05-08T02:06:15.742Z CLI debug [local:service]     loaded module: _0x657cbc
2025-05-08T02:06:15.742Z CLI debug [appautomate:service]     loaded module: appautomate:module
2025-05-08T02:06:15.836Z CLI debug [main]     Starting main function execution
2025-05-08T02:06:15.837Z CLI debug [main]     Executing CLI
2025-05-08T02:15:10.325Z CLI debug [testhub:service]     loaded module: _0x18400b
2025-05-08T02:15:10.326Z CLI debug [instrumentation:service]     loaded module: instrumentation:module
2025-05-08T02:15:10.326Z CLI debug [observability:service]     loaded module: observability:module
2025-05-08T02:15:10.326Z CLI debug [accessibility:service]     loaded module: accessibility:module
2025-05-08T02:15:10.327Z CLI debug [ai:service]     loaded module: _0xd51c03
2025-05-08T02:15:10.327Z CLI debug [percy:service]     loaded module: _0x3bb427
2025-05-08T02:15:10.328Z CLI debug [local:service]     loaded module: _0x657cbc
2025-05-08T02:15:10.328Z CLI debug [appautomate:service]     loaded module: appautomate:module
2025-05-08T02:15:10.417Z CLI debug [main]     Starting main function execution
2025-05-08T02:15:10.419Z CLI debug [main]     Executing CLI
2025-05-08T02:15:35.307Z CLI debug [testhub:service]     loaded module: _0x18400b
2025-05-08T02:15:35.307Z CLI debug [instrumentation:service]     loaded module: instrumentation:module
2025-05-08T02:15:35.307Z CLI debug [observability:service]     loaded module: observability:module
2025-05-08T02:15:35.308Z CLI debug [accessibility:service]     loaded module: accessibility:module
2025-05-08T02:15:35.308Z CLI debug [ai:service]     loaded module: _0xd51c03
2025-05-08T02:15:35.309Z CLI debug [percy:service]     loaded module: _0x3bb427
2025-05-08T02:15:35.310Z CLI debug [local:service]     loaded module: _0x657cbc
2025-05-08T02:15:35.310Z CLI debug [appautomate:service]     loaded module: appautomate:module
2025-05-08T02:15:35.403Z CLI debug [main]     Starting main function execution
2025-05-08T02:15:35.404Z CLI debug [main]     Executing CLI
