09:54:20.687 [ApplicationImpl pooled thread 38] INFO  c.b.l.BrowserStackRunExtension - junit
09:54:20.694 [ApplicationImpl pooled thread 38] INFO  com.browserstack.utils.Helpers - null
09:54:20.696 [ApplicationImpl pooled thread 38] INFO  com.browserstack.utils.Helpers - C:/Users/DELL/.m2/repository/com/browserstack/browserstack-java-sdk/1.32.0/browserstack-java-sdk-1.32.0.jar
09:54:20.696 [ApplicationImpl pooled thread 38] INFO  c.b.l.BrowserStackRunExtension - Agent path: C:/Users/DELL/.m2/repository/com/browserstack/browserstack-java-sdk/1.32.0/browserstack-java-sdk-1.32.0.jar
09:54:20.696 [ApplicationImpl pooled thread 38] INFO  c.b.l.BrowserStackRunExtension - Adding Browserstack SDK javaagent argline
09:54:20.696 [ApplicationImpl pooled thread 38] INFO  c.b.l.BrowserStackRunExtension - Plugin version: v1.1.6
09:56:06.756 [ApplicationImpl pooled thread 47] INFO  c.b.l.BrowserStackRunExtension - junit
09:56:06.756 [ApplicationImpl pooled thread 47] INFO  com.browserstack.utils.Helpers - null
09:56:06.758 [ApplicationImpl pooled thread 47] INFO  com.browserstack.utils.Helpers - C:/Users/DELL/.m2/repository/com/browserstack/browserstack-java-sdk/1.32.0/browserstack-java-sdk-1.32.0.jar
09:56:06.758 [ApplicationImpl pooled thread 47] INFO  c.b.l.BrowserStackRunExtension - Agent path: C:/Users/DELL/.m2/repository/com/browserstack/browserstack-java-sdk/1.32.0/browserstack-java-sdk-1.32.0.jar
09:56:06.758 [ApplicationImpl pooled thread 47] INFO  c.b.l.BrowserStackRunExtension - Adding Browserstack SDK javaagent argline
09:56:06.758 [ApplicationImpl pooled thread 47] INFO  c.b.l.BrowserStackRunExtension - Plugin version: v1.1.6
10:16:44.837 [ApplicationImpl pooled thread 97] INFO  c.b.l.BrowserStackRunExtension - junit
10:16:44.838 [ApplicationImpl pooled thread 97] INFO  com.browserstack.utils.Helpers - null
10:16:44.843 [ApplicationImpl pooled thread 97] INFO  com.browserstack.utils.Helpers - C:/Users/DELL/.m2/repository/com/browserstack/browserstack-java-sdk/1.32.0/browserstack-java-sdk-1.32.0.jar
10:16:44.843 [ApplicationImpl pooled thread 97] INFO  c.b.l.BrowserStackRunExtension - Agent path: C:/Users/DELL/.m2/repository/com/browserstack/browserstack-java-sdk/1.32.0/browserstack-java-sdk-1.32.0.jar
10:16:44.843 [ApplicationImpl pooled thread 97] INFO  c.b.l.BrowserStackRunExtension - Adding Browserstack SDK javaagent argline
10:16:44.843 [ApplicationImpl pooled thread 97] INFO  c.b.l.BrowserStackRunExtension - Plugin version: v1.1.6
10:17:16.928 [ApplicationImpl pooled thread 81] INFO  c.b.l.BrowserStackRunExtension - junit
10:17:16.928 [ApplicationImpl pooled thread 81] INFO  com.browserstack.utils.Helpers - null
10:17:16.930 [ApplicationImpl pooled thread 81] INFO  com.browserstack.utils.Helpers - C:/Users/DELL/.m2/repository/com/browserstack/browserstack-java-sdk/1.32.0/browserstack-java-sdk-1.32.0.jar
10:17:16.930 [ApplicationImpl pooled thread 81] INFO  c.b.l.BrowserStackRunExtension - Agent path: C:/Users/DELL/.m2/repository/com/browserstack/browserstack-java-sdk/1.32.0/browserstack-java-sdk-1.32.0.jar
10:17:16.930 [ApplicationImpl pooled thread 81] INFO  c.b.l.BrowserStackRunExtension - Adding Browserstack SDK javaagent argline
10:17:16.930 [ApplicationImpl pooled thread 81] INFO  c.b.l.BrowserStackRunExtension - Plugin version: v1.1.6
10:21:15.850 [ApplicationImpl pooled thread 110] INFO  c.b.l.BrowserStackRunExtension - junit
10:21:15.850 [ApplicationImpl pooled thread 110] INFO  com.browserstack.utils.Helpers - null
10:21:15.851 [ApplicationImpl pooled thread 110] INFO  com.browserstack.utils.Helpers - C:/Users/DELL/.m2/repository/com/browserstack/browserstack-java-sdk/1.32.0/browserstack-java-sdk-1.32.0.jar
10:21:15.852 [ApplicationImpl pooled thread 110] INFO  c.b.l.BrowserStackRunExtension - Agent path: C:/Users/DELL/.m2/repository/com/browserstack/browserstack-java-sdk/1.32.0/browserstack-java-sdk-1.32.0.jar
10:21:15.852 [ApplicationImpl pooled thread 110] INFO  c.b.l.BrowserStackRunExtension - Adding Browserstack SDK javaagent argline
10:21:15.852 [ApplicationImpl pooled thread 110] INFO  c.b.l.BrowserStackRunExtension - Plugin version: v1.1.6
10:30:35.813 [ApplicationImpl pooled thread 133] INFO  c.b.l.BrowserStackRunExtension - junit
10:30:35.813 [ApplicationImpl pooled thread 133] INFO  com.browserstack.utils.Helpers - null
10:30:35.817 [ApplicationImpl pooled thread 133] INFO  com.browserstack.utils.Helpers - C:/Users/DELL/.m2/repository/com/browserstack/browserstack-java-sdk/1.32.0/browserstack-java-sdk-1.32.0.jar
10:30:35.817 [ApplicationImpl pooled thread 133] INFO  c.b.l.BrowserStackRunExtension - Agent path: C:/Users/DELL/.m2/repository/com/browserstack/browserstack-java-sdk/1.32.0/browserstack-java-sdk-1.32.0.jar
10:30:35.817 [ApplicationImpl pooled thread 133] INFO  c.b.l.BrowserStackRunExtension - Adding Browserstack SDK javaagent argline
10:30:35.817 [ApplicationImpl pooled thread 133] INFO  c.b.l.BrowserStackRunExtension - Plugin version: v1.1.6
10:32:50.401 [ApplicationImpl pooled thread 136] INFO  c.b.l.BrowserStackRunExtension - junit
10:32:50.401 [ApplicationImpl pooled thread 136] INFO  com.browserstack.utils.Helpers - null
10:32:50.403 [ApplicationImpl pooled thread 136] INFO  com.browserstack.utils.Helpers - C:/Users/DELL/.m2/repository/com/browserstack/browserstack-java-sdk/1.32.0/browserstack-java-sdk-1.32.0.jar
10:32:50.403 [ApplicationImpl pooled thread 136] INFO  c.b.l.BrowserStackRunExtension - Agent path: C:/Users/DELL/.m2/repository/com/browserstack/browserstack-java-sdk/1.32.0/browserstack-java-sdk-1.32.0.jar
10:32:50.403 [ApplicationImpl pooled thread 136] INFO  c.b.l.BrowserStackRunExtension - Adding Browserstack SDK javaagent argline
10:32:50.403 [ApplicationImpl pooled thread 136] INFO  c.b.l.BrowserStackRunExtension - Plugin version: v1.1.6
10:34:58.709 [ApplicationImpl pooled thread 137] INFO  c.b.l.BrowserStackRunExtension - junit
10:34:58.709 [ApplicationImpl pooled thread 137] INFO  com.browserstack.utils.Helpers - null
10:34:58.712 [ApplicationImpl pooled thread 137] INFO  com.browserstack.utils.Helpers - C:/Users/DELL/.m2/repository/com/browserstack/browserstack-java-sdk/1.32.0/browserstack-java-sdk-1.32.0.jar
10:34:58.713 [ApplicationImpl pooled thread 137] INFO  c.b.l.BrowserStackRunExtension - Agent path: C:/Users/DELL/.m2/repository/com/browserstack/browserstack-java-sdk/1.32.0/browserstack-java-sdk-1.32.0.jar
10:34:58.713 [ApplicationImpl pooled thread 137] INFO  c.b.l.BrowserStackRunExtension - Adding Browserstack SDK javaagent argline
10:34:58.713 [ApplicationImpl pooled thread 137] INFO  c.b.l.BrowserStackRunExtension - Plugin version: v1.1.6
10:36:27.858 [ApplicationImpl pooled thread 136] INFO  c.b.l.BrowserStackRunExtension - junit
10:36:27.859 [ApplicationImpl pooled thread 136] INFO  com.browserstack.utils.Helpers - null
10:36:27.859 [ApplicationImpl pooled thread 136] INFO  com.browserstack.utils.Helpers - C:/Users/DELL/.m2/repository/com/browserstack/browserstack-java-sdk/1.32.0/browserstack-java-sdk-1.32.0.jar
10:36:27.860 [ApplicationImpl pooled thread 136] INFO  c.b.l.BrowserStackRunExtension - Agent path: C:/Users/DELL/.m2/repository/com/browserstack/browserstack-java-sdk/1.32.0/browserstack-java-sdk-1.32.0.jar
10:36:27.860 [ApplicationImpl pooled thread 136] INFO  c.b.l.BrowserStackRunExtension - Adding Browserstack SDK javaagent argline
10:36:27.860 [ApplicationImpl pooled thread 136] INFO  c.b.l.BrowserStackRunExtension - Plugin version: v1.1.6
10:41:15.046 [ApplicationImpl pooled thread 147] INFO  c.b.l.BrowserStackRunExtension - junit
10:41:15.046 [ApplicationImpl pooled thread 147] INFO  com.browserstack.utils.Helpers - null
10:41:15.047 [ApplicationImpl pooled thread 147] INFO  com.browserstack.utils.Helpers - C:/Users/DELL/.m2/repository/com/browserstack/browserstack-java-sdk/1.32.0/browserstack-java-sdk-1.32.0.jar
10:41:15.047 [ApplicationImpl pooled thread 147] INFO  c.b.l.BrowserStackRunExtension - Agent path: C:/Users/DELL/.m2/repository/com/browserstack/browserstack-java-sdk/1.32.0/browserstack-java-sdk-1.32.0.jar
10:41:15.047 [ApplicationImpl pooled thread 147] INFO  c.b.l.BrowserStackRunExtension - Adding Browserstack SDK javaagent argline
10:41:15.047 [ApplicationImpl pooled thread 147] INFO  c.b.l.BrowserStackRunExtension - Plugin version: v1.1.6
10:44:35.654 [ApplicationImpl pooled thread 155] INFO  c.b.l.BrowserStackRunExtension - junit
10:44:35.654 [ApplicationImpl pooled thread 155] INFO  com.browserstack.utils.Helpers - null
10:44:35.655 [ApplicationImpl pooled thread 155] INFO  com.browserstack.utils.Helpers - C:/Users/DELL/.m2/repository/com/browserstack/browserstack-java-sdk/1.32.0/browserstack-java-sdk-1.32.0.jar
10:44:35.655 [ApplicationImpl pooled thread 155] INFO  c.b.l.BrowserStackRunExtension - Agent path: C:/Users/DELL/.m2/repository/com/browserstack/browserstack-java-sdk/1.32.0/browserstack-java-sdk-1.32.0.jar
10:44:35.655 [ApplicationImpl pooled thread 155] INFO  c.b.l.BrowserStackRunExtension - Adding Browserstack SDK javaagent argline
10:44:35.655 [ApplicationImpl pooled thread 155] INFO  c.b.l.BrowserStackRunExtension - Plugin version: v1.1.6
10:45:28.202 [ApplicationImpl pooled thread 164] INFO  c.b.l.BrowserStackRunExtension - junit
10:45:28.202 [ApplicationImpl pooled thread 164] INFO  com.browserstack.utils.Helpers - null
10:45:28.203 [ApplicationImpl pooled thread 164] INFO  com.browserstack.utils.Helpers - C:/Users/DELL/.m2/repository/com/browserstack/browserstack-java-sdk/1.32.0/browserstack-java-sdk-1.32.0.jar
10:45:28.203 [ApplicationImpl pooled thread 164] INFO  c.b.l.BrowserStackRunExtension - Agent path: C:/Users/DELL/.m2/repository/com/browserstack/browserstack-java-sdk/1.32.0/browserstack-java-sdk-1.32.0.jar
10:45:28.203 [ApplicationImpl pooled thread 164] INFO  c.b.l.BrowserStackRunExtension - Adding Browserstack SDK javaagent argline
10:45:28.203 [ApplicationImpl pooled thread 164] INFO  c.b.l.BrowserStackRunExtension - Plugin version: v1.1.6
10:47:49.665 [ApplicationImpl pooled thread 169] INFO  c.b.l.BrowserStackRunExtension - junit
10:47:49.665 [ApplicationImpl pooled thread 169] INFO  com.browserstack.utils.Helpers - null
10:47:49.666 [ApplicationImpl pooled thread 169] INFO  com.browserstack.utils.Helpers - C:/Users/DELL/.m2/repository/com/browserstack/browserstack-java-sdk/1.32.0/browserstack-java-sdk-1.32.0.jar
10:47:49.666 [ApplicationImpl pooled thread 169] INFO  c.b.l.BrowserStackRunExtension - Agent path: C:/Users/DELL/.m2/repository/com/browserstack/browserstack-java-sdk/1.32.0/browserstack-java-sdk-1.32.0.jar
10:47:49.666 [ApplicationImpl pooled thread 169] INFO  c.b.l.BrowserStackRunExtension - Adding Browserstack SDK javaagent argline
10:47:49.666 [ApplicationImpl pooled thread 169] INFO  c.b.l.BrowserStackRunExtension - Plugin version: v1.1.6
10:51:11.427 [ApplicationImpl pooled thread 166] INFO  c.b.l.BrowserStackRunExtension - junit
10:51:11.427 [ApplicationImpl pooled thread 166] INFO  com.browserstack.utils.Helpers - null
10:51:11.430 [ApplicationImpl pooled thread 166] INFO  com.browserstack.utils.Helpers - C:/Users/DELL/.m2/repository/com/browserstack/browserstack-java-sdk/1.32.0/browserstack-java-sdk-1.32.0.jar
10:51:11.430 [ApplicationImpl pooled thread 166] INFO  c.b.l.BrowserStackRunExtension - Agent path: C:/Users/DELL/.m2/repository/com/browserstack/browserstack-java-sdk/1.32.0/browserstack-java-sdk-1.32.0.jar
10:51:11.431 [ApplicationImpl pooled thread 166] INFO  c.b.l.BrowserStackRunExtension - Adding Browserstack SDK javaagent argline
10:51:11.431 [ApplicationImpl pooled thread 166] INFO  c.b.l.BrowserStackRunExtension - Plugin version: v1.1.6
10:51:44.704 [ApplicationImpl pooled thread 174] INFO  c.b.l.BrowserStackRunExtension - junit
10:51:44.704 [ApplicationImpl pooled thread 174] INFO  com.browserstack.utils.Helpers - null
10:51:44.705 [ApplicationImpl pooled thread 174] INFO  com.browserstack.utils.Helpers - C:/Users/DELL/.m2/repository/com/browserstack/browserstack-java-sdk/1.32.0/browserstack-java-sdk-1.32.0.jar
10:51:44.705 [ApplicationImpl pooled thread 174] INFO  c.b.l.BrowserStackRunExtension - Agent path: C:/Users/DELL/.m2/repository/com/browserstack/browserstack-java-sdk/1.32.0/browserstack-java-sdk-1.32.0.jar
10:51:44.706 [ApplicationImpl pooled thread 174] INFO  c.b.l.BrowserStackRunExtension - Adding Browserstack SDK javaagent argline
10:51:44.708 [ApplicationImpl pooled thread 174] INFO  c.b.l.BrowserStackRunExtension - Plugin version: v1.1.6
10:58:20.518 [ApplicationImpl pooled thread 185] INFO  c.b.l.BrowserStackRunExtension - junit
10:58:20.519 [ApplicationImpl pooled thread 185] INFO  com.browserstack.utils.Helpers - null
10:58:20.521 [ApplicationImpl pooled thread 185] INFO  com.browserstack.utils.Helpers - C:/Users/DELL/.m2/repository/com/browserstack/browserstack-java-sdk/1.32.0/browserstack-java-sdk-1.32.0.jar
10:58:20.521 [ApplicationImpl pooled thread 185] INFO  c.b.l.BrowserStackRunExtension - Agent path: C:/Users/DELL/.m2/repository/com/browserstack/browserstack-java-sdk/1.32.0/browserstack-java-sdk-1.32.0.jar
10:58:20.521 [ApplicationImpl pooled thread 185] INFO  c.b.l.BrowserStackRunExtension - Adding Browserstack SDK javaagent argline
10:58:20.521 [ApplicationImpl pooled thread 185] INFO  c.b.l.BrowserStackRunExtension - Plugin version: v1.1.6
11:00:35.641 [ApplicationImpl pooled thread 192] INFO  c.b.l.BrowserStackRunExtension - junit
11:00:35.641 [ApplicationImpl pooled thread 192] INFO  com.browserstack.utils.Helpers - null
11:00:35.641 [ApplicationImpl pooled thread 192] INFO  com.browserstack.utils.Helpers - C:/Users/DELL/.m2/repository/com/browserstack/browserstack-java-sdk/1.32.0/browserstack-java-sdk-1.32.0.jar
11:00:35.641 [ApplicationImpl pooled thread 192] INFO  c.b.l.BrowserStackRunExtension - Agent path: C:/Users/DELL/.m2/repository/com/browserstack/browserstack-java-sdk/1.32.0/browserstack-java-sdk-1.32.0.jar
11:00:35.641 [ApplicationImpl pooled thread 192] INFO  c.b.l.BrowserStackRunExtension - Adding Browserstack SDK javaagent argline
11:00:35.641 [ApplicationImpl pooled thread 192] INFO  c.b.l.BrowserStackRunExtension - Plugin version: v1.1.6
11:03:55.496 [ApplicationImpl pooled thread 186] INFO  c.b.l.BrowserStackRunExtension - junit
11:03:55.497 [ApplicationImpl pooled thread 186] INFO  com.browserstack.utils.Helpers - null
11:03:55.498 [ApplicationImpl pooled thread 186] INFO  com.browserstack.utils.Helpers - C:/Users/DELL/.m2/repository/com/browserstack/browserstack-java-sdk/1.32.0/browserstack-java-sdk-1.32.0.jar
11:03:55.498 [ApplicationImpl pooled thread 186] INFO  c.b.l.BrowserStackRunExtension - Agent path: C:/Users/DELL/.m2/repository/com/browserstack/browserstack-java-sdk/1.32.0/browserstack-java-sdk-1.32.0.jar
11:03:55.498 [ApplicationImpl pooled thread 186] INFO  c.b.l.BrowserStackRunExtension - Adding Browserstack SDK javaagent argline
11:03:55.498 [ApplicationImpl pooled thread 186] INFO  c.b.l.BrowserStackRunExtension - Plugin version: v1.1.6
11:08:15.763 [ApplicationImpl pooled thread 196] INFO  c.b.l.BrowserStackRunExtension - junit
11:08:15.763 [ApplicationImpl pooled thread 196] INFO  com.browserstack.utils.Helpers - null
11:08:15.765 [ApplicationImpl pooled thread 196] INFO  com.browserstack.utils.Helpers - C:/Users/DELL/.m2/repository/com/browserstack/browserstack-java-sdk/1.32.0/browserstack-java-sdk-1.32.0.jar
11:08:15.766 [ApplicationImpl pooled thread 196] INFO  c.b.l.BrowserStackRunExtension - Agent path: C:/Users/DELL/.m2/repository/com/browserstack/browserstack-java-sdk/1.32.0/browserstack-java-sdk-1.32.0.jar
11:08:15.766 [ApplicationImpl pooled thread 196] INFO  c.b.l.BrowserStackRunExtension - Adding Browserstack SDK javaagent argline
11:08:15.766 [ApplicationImpl pooled thread 196] INFO  c.b.l.BrowserStackRunExtension - Plugin version: v1.1.6
11:09:30.891 [ApplicationImpl pooled thread 201] INFO  c.b.l.BrowserStackRunExtension - junit
11:09:30.892 [ApplicationImpl pooled thread 201] INFO  com.browserstack.utils.Helpers - null
11:09:30.892 [ApplicationImpl pooled thread 201] INFO  com.browserstack.utils.Helpers - C:/Users/DELL/.m2/repository/com/browserstack/browserstack-java-sdk/1.32.0/browserstack-java-sdk-1.32.0.jar
11:09:30.892 [ApplicationImpl pooled thread 201] INFO  c.b.l.BrowserStackRunExtension - Agent path: C:/Users/DELL/.m2/repository/com/browserstack/browserstack-java-sdk/1.32.0/browserstack-java-sdk-1.32.0.jar
11:09:30.892 [ApplicationImpl pooled thread 201] INFO  c.b.l.BrowserStackRunExtension - Adding Browserstack SDK javaagent argline
11:09:30.892 [ApplicationImpl pooled thread 201] INFO  c.b.l.BrowserStackRunExtension - Plugin version: v1.1.6
11:16:32.886 [ApplicationImpl pooled thread 222] INFO  c.b.l.BrowserStackRunExtension - junit
11:16:32.886 [ApplicationImpl pooled thread 222] INFO  com.browserstack.utils.Helpers - null
11:16:32.888 [ApplicationImpl pooled thread 222] INFO  com.browserstack.utils.Helpers - C:/Users/DELL/.m2/repository/com/browserstack/browserstack-java-sdk/1.32.0/browserstack-java-sdk-1.32.0.jar
11:16:32.888 [ApplicationImpl pooled thread 222] INFO  c.b.l.BrowserStackRunExtension - Agent path: C:/Users/DELL/.m2/repository/com/browserstack/browserstack-java-sdk/1.32.0/browserstack-java-sdk-1.32.0.jar
11:16:32.888 [ApplicationImpl pooled thread 222] INFO  c.b.l.BrowserStackRunExtension - Adding Browserstack SDK javaagent argline
11:16:32.888 [ApplicationImpl pooled thread 222] INFO  c.b.l.BrowserStackRunExtension - Plugin version: v1.1.6
11:21:59.937 [ApplicationImpl pooled thread 231] INFO  c.b.l.BrowserStackRunExtension - junit
11:21:59.937 [ApplicationImpl pooled thread 231] INFO  com.browserstack.utils.Helpers - null
11:21:59.939 [ApplicationImpl pooled thread 231] INFO  com.browserstack.utils.Helpers - C:/Users/DELL/.m2/repository/com/browserstack/browserstack-java-sdk/1.32.0/browserstack-java-sdk-1.32.0.jar
11:21:59.939 [ApplicationImpl pooled thread 231] INFO  c.b.l.BrowserStackRunExtension - Agent path: C:/Users/DELL/.m2/repository/com/browserstack/browserstack-java-sdk/1.32.0/browserstack-java-sdk-1.32.0.jar
11:21:59.939 [ApplicationImpl pooled thread 231] INFO  c.b.l.BrowserStackRunExtension - Adding Browserstack SDK javaagent argline
11:21:59.939 [ApplicationImpl pooled thread 231] INFO  c.b.l.BrowserStackRunExtension - Plugin version: v1.1.6
11:22:34.264 [ApplicationImpl pooled thread 219] INFO  c.b.l.BrowserStackRunExtension - junit
11:22:34.265 [ApplicationImpl pooled thread 219] INFO  com.browserstack.utils.Helpers - null
11:22:34.266 [ApplicationImpl pooled thread 219] INFO  com.browserstack.utils.Helpers - C:/Users/DELL/.m2/repository/com/browserstack/browserstack-java-sdk/1.32.0/browserstack-java-sdk-1.32.0.jar
11:22:34.266 [ApplicationImpl pooled thread 219] INFO  c.b.l.BrowserStackRunExtension - Agent path: C:/Users/DELL/.m2/repository/com/browserstack/browserstack-java-sdk/1.32.0/browserstack-java-sdk-1.32.0.jar
11:22:34.266 [ApplicationImpl pooled thread 219] INFO  c.b.l.BrowserStackRunExtension - Adding Browserstack SDK javaagent argline
11:22:34.266 [ApplicationImpl pooled thread 219] INFO  c.b.l.BrowserStackRunExtension - Plugin version: v1.1.6
11:23:56.945 [ApplicationImpl pooled thread 241] INFO  c.b.l.BrowserStackRunExtension - junit
11:23:56.945 [ApplicationImpl pooled thread 241] INFO  com.browserstack.utils.Helpers - null
11:23:56.946 [ApplicationImpl pooled thread 241] INFO  com.browserstack.utils.Helpers - C:/Users/DELL/.m2/repository/com/browserstack/browserstack-java-sdk/1.32.0/browserstack-java-sdk-1.32.0.jar
11:23:56.946 [ApplicationImpl pooled thread 241] INFO  c.b.l.BrowserStackRunExtension - Agent path: C:/Users/DELL/.m2/repository/com/browserstack/browserstack-java-sdk/1.32.0/browserstack-java-sdk-1.32.0.jar
11:23:56.946 [ApplicationImpl pooled thread 241] INFO  c.b.l.BrowserStackRunExtension - Adding Browserstack SDK javaagent argline
11:23:56.946 [ApplicationImpl pooled thread 241] INFO  c.b.l.BrowserStackRunExtension - Plugin version: v1.1.6
11:24:49.332 [ApplicationImpl pooled thread 238] INFO  c.b.l.BrowserStackRunExtension - junit
11:24:49.333 [ApplicationImpl pooled thread 238] INFO  com.browserstack.utils.Helpers - null
11:24:49.333 [ApplicationImpl pooled thread 238] INFO  com.browserstack.utils.Helpers - C:/Users/DELL/.m2/repository/com/browserstack/browserstack-java-sdk/1.32.0/browserstack-java-sdk-1.32.0.jar
11:24:49.334 [ApplicationImpl pooled thread 238] INFO  c.b.l.BrowserStackRunExtension - Agent path: C:/Users/DELL/.m2/repository/com/browserstack/browserstack-java-sdk/1.32.0/browserstack-java-sdk-1.32.0.jar
11:24:49.334 [ApplicationImpl pooled thread 238] INFO  c.b.l.BrowserStackRunExtension - Adding Browserstack SDK javaagent argline
11:24:49.334 [ApplicationImpl pooled thread 238] INFO  c.b.l.BrowserStackRunExtension - Plugin version: v1.1.6
11:25:31.613 [ApplicationImpl pooled thread 245] INFO  c.b.l.BrowserStackRunExtension - junit
11:25:31.613 [ApplicationImpl pooled thread 245] INFO  com.browserstack.utils.Helpers - null
11:25:31.614 [ApplicationImpl pooled thread 245] INFO  com.browserstack.utils.Helpers - C:/Users/DELL/.m2/repository/com/browserstack/browserstack-java-sdk/1.32.0/browserstack-java-sdk-1.32.0.jar
11:25:31.614 [ApplicationImpl pooled thread 245] INFO  c.b.l.BrowserStackRunExtension - Agent path: C:/Users/DELL/.m2/repository/com/browserstack/browserstack-java-sdk/1.32.0/browserstack-java-sdk-1.32.0.jar
11:25:31.614 [ApplicationImpl pooled thread 245] INFO  c.b.l.BrowserStackRunExtension - Adding Browserstack SDK javaagent argline
11:25:31.614 [ApplicationImpl pooled thread 245] INFO  c.b.l.BrowserStackRunExtension - Plugin version: v1.1.6
11:28:45.991 [ApplicationImpl pooled thread 247] INFO  c.b.l.BrowserStackRunExtension - junit
11:28:45.991 [ApplicationImpl pooled thread 247] INFO  com.browserstack.utils.Helpers - null
11:28:45.992 [ApplicationImpl pooled thread 247] INFO  com.browserstack.utils.Helpers - C:/Users/DELL/.m2/repository/com/browserstack/browserstack-java-sdk/1.32.0/browserstack-java-sdk-1.32.0.jar
11:28:45.993 [ApplicationImpl pooled thread 247] INFO  c.b.l.BrowserStackRunExtension - Agent path: C:/Users/DELL/.m2/repository/com/browserstack/browserstack-java-sdk/1.32.0/browserstack-java-sdk-1.32.0.jar
11:28:45.993 [ApplicationImpl pooled thread 247] INFO  c.b.l.BrowserStackRunExtension - Adding Browserstack SDK javaagent argline
11:28:45.993 [ApplicationImpl pooled thread 247] INFO  c.b.l.BrowserStackRunExtension - Plugin version: v1.1.6
11:33:53.047 [AWT-EventQueue-0] INFO  c.b.actions.EnableBrowserStack - Setting enable browserstack run update
11:33:53.048 [AWT-EventQueue-0] INFO  com.browserstack.utils.Helpers - C:/Users/DELL/.m2/repository/com/browserstack/browserstack-java-sdk/1.32.0/browserstack-java-sdk-1.32.0.jar
11:33:53.048 [AWT-EventQueue-0] INFO  com.browserstack.utils.Helpers - null
11:33:53.063 [AWT-EventQueue-0] INFO  c.b.actions.DisableBrowserStack - Setting disable browserstack run update
11:33:53.064 [AWT-EventQueue-0] INFO  com.browserstack.utils.Helpers - C:/Users/DELL/.m2/repository/com/browserstack/browserstack-java-sdk/1.32.0/browserstack-java-sdk-1.32.0.jar
11:33:53.066 [AWT-EventQueue-0] INFO  com.browserstack.utils.Helpers - null
11:34:16.994 [AWT-EventQueue-0] INFO  c.b.launchers.LaunchMavenCommand - Integrate source: java:appium-intellij:v1.1.6
11:34:16.994 [AWT-EventQueue-0] INFO  c.b.launchers.LaunchMavenCommand - Executing maven archetype command - browserstack-sdk-archetype-integrate
11:34:17.063 [ApplicationImpl pooled thread 276] INFO  c.b.l.BrowserStackRunExtension - maven
11:34:17.064 [ApplicationImpl pooled thread 276] INFO  com.browserstack.utils.Helpers - null
11:34:42.337 [java.exe] INFO  c.b.launchers.LaunchMavenCommand - Completed maven archetype command
11:39:21.959 [AWT-EventQueue-0] INFO  c.b.actions.EnableBrowserStack - Setting enable browserstack run update
11:39:21.961 [AWT-EventQueue-0] INFO  com.browserstack.utils.Helpers - C:/Users/DELL/.m2/repository/com/browserstack/browserstack-java-sdk/1.32.0/browserstack-java-sdk-1.32.0.jar
11:39:21.962 [AWT-EventQueue-0] INFO  com.browserstack.utils.Helpers - true
11:39:21.979 [AWT-EventQueue-0] INFO  c.b.actions.DisableBrowserStack - Setting disable browserstack run update
11:39:21.981 [AWT-EventQueue-0] INFO  com.browserstack.utils.Helpers - C:/Users/DELL/.m2/repository/com/browserstack/browserstack-java-sdk/1.32.0/browserstack-java-sdk-1.32.0.jar
11:39:21.981 [AWT-EventQueue-0] INFO  com.browserstack.utils.Helpers - true
11:39:50.390 [AWT-EventQueue-0] INFO  c.b.launchers.LaunchMavenCommand - Integrate source: java:appium-intellij:v1.1.6
11:39:50.390 [AWT-EventQueue-0] INFO  c.b.launchers.LaunchMavenCommand - Executing maven archetype command - browserstack-sdk-archetype-integrate
11:39:50.434 [ApplicationImpl pooled thread 247] INFO  c.b.l.BrowserStackRunExtension - maven
11:39:50.435 [ApplicationImpl pooled thread 247] INFO  com.browserstack.utils.Helpers - true
11:41:20.626 [AWT-EventQueue-0] INFO  c.b.actions.EnableBrowserStack - Setting enable browserstack run update
11:41:20.627 [AWT-EventQueue-0] INFO  com.browserstack.utils.Helpers - C:/Users/DELL/.m2/repository/com/browserstack/browserstack-java-sdk/1.32.0/browserstack-java-sdk-1.32.0.jar
11:41:20.627 [AWT-EventQueue-0] INFO  com.browserstack.utils.Helpers - true
11:41:20.638 [AWT-EventQueue-0] INFO  c.b.actions.DisableBrowserStack - Setting disable browserstack run update
11:41:20.639 [AWT-EventQueue-0] INFO  com.browserstack.utils.Helpers - C:/Users/DELL/.m2/repository/com/browserstack/browserstack-java-sdk/1.32.0/browserstack-java-sdk-1.32.0.jar
11:41:20.639 [AWT-EventQueue-0] INFO  com.browserstack.utils.Helpers - true
11:41:53.935 [AWT-EventQueue-0] INFO  c.b.launchers.LaunchMavenCommand - Integrate source: java:appium-intellij:v1.1.6
11:41:53.935 [AWT-EventQueue-0] INFO  c.b.launchers.LaunchMavenCommand - Executing maven archetype command - browserstack-sdk-archetype-integrate
11:41:54.064 [ApplicationImpl pooled thread 322] INFO  c.b.l.BrowserStackRunExtension - maven
11:41:54.064 [ApplicationImpl pooled thread 322] INFO  com.browserstack.utils.Helpers - true
11:42:19.549 [java.exe] INFO  c.b.launchers.LaunchMavenCommand - Completed maven archetype command
11:44:08.603 [AWT-EventQueue-0] INFO  c.b.actions.EnableBrowserStack - Setting enable browserstack run update
11:44:08.604 [AWT-EventQueue-0] INFO  com.browserstack.utils.Helpers - C:/Users/DELL/.m2/repository/com/browserstack/browserstack-java-sdk/1.32.0/browserstack-java-sdk-1.32.0.jar
11:44:08.605 [AWT-EventQueue-0] INFO  com.browserstack.utils.Helpers - true
11:44:08.615 [AWT-EventQueue-0] INFO  c.b.actions.DisableBrowserStack - Setting disable browserstack run update
11:44:08.616 [AWT-EventQueue-0] INFO  com.browserstack.utils.Helpers - C:/Users/DELL/.m2/repository/com/browserstack/browserstack-java-sdk/1.32.0/browserstack-java-sdk-1.32.0.jar
11:44:08.616 [AWT-EventQueue-0] INFO  com.browserstack.utils.Helpers - true
11:44:26.608 [AWT-EventQueue-0] INFO  c.b.launchers.LaunchMavenCommand - Integrate source: java:appium-intellij:v1.1.6
11:44:26.608 [AWT-EventQueue-0] INFO  c.b.launchers.LaunchMavenCommand - Executing maven archetype command - browserstack-sdk-archetype-integrate
11:44:26.679 [ApplicationImpl pooled thread 300] INFO  c.b.l.BrowserStackRunExtension - maven
11:44:26.679 [ApplicationImpl pooled thread 300] INFO  com.browserstack.utils.Helpers - true
11:44:42.380 [java.exe] INFO  c.b.launchers.LaunchMavenCommand - Completed maven archetype command
11:49:39.936 [ApplicationImpl pooled thread 340] INFO  c.b.l.BrowserStackRunExtension - junit
11:49:39.936 [ApplicationImpl pooled thread 340] INFO  com.browserstack.utils.Helpers - true
11:49:39.936 [ApplicationImpl pooled thread 340] INFO  com.browserstack.utils.Helpers - C:/Users/DELL/.m2/repository/com/browserstack/browserstack-java-sdk/1.32.0/browserstack-java-sdk-1.32.0.jar
11:49:39.936 [ApplicationImpl pooled thread 340] INFO  c.b.l.BrowserStackRunExtension - Agent path: C:/Users/DELL/.m2/repository/com/browserstack/browserstack-java-sdk/1.32.0/browserstack-java-sdk-1.32.0.jar
11:49:39.936 [ApplicationImpl pooled thread 340] INFO  c.b.l.BrowserStackRunExtension - Adding Browserstack SDK javaagent argline
11:49:39.936 [ApplicationImpl pooled thread 340] INFO  c.b.l.BrowserStackRunExtension - Plugin version: v1.1.6
11:59:23.091 [ApplicationImpl pooled thread 359] INFO  c.b.l.BrowserStackRunExtension - junit
11:59:23.091 [ApplicationImpl pooled thread 359] INFO  com.browserstack.utils.Helpers - true
11:59:23.093 [ApplicationImpl pooled thread 359] INFO  com.browserstack.utils.Helpers - C:/Users/DELL/.m2/repository/com/browserstack/browserstack-java-sdk/1.32.0/browserstack-java-sdk-1.32.0.jar
11:59:23.094 [ApplicationImpl pooled thread 359] INFO  c.b.l.BrowserStackRunExtension - Agent path: C:/Users/DELL/.m2/repository/com/browserstack/browserstack-java-sdk/1.32.0/browserstack-java-sdk-1.32.0.jar
11:59:23.094 [ApplicationImpl pooled thread 359] INFO  c.b.l.BrowserStackRunExtension - Adding Browserstack SDK javaagent argline
11:59:23.094 [ApplicationImpl pooled thread 359] INFO  c.b.l.BrowserStackRunExtension - Plugin version: v1.1.6
12:23:31.535 [ApplicationImpl pooled thread 439] INFO  c.b.l.BrowserStackRunExtension - maven
12:23:31.535 [ApplicationImpl pooled thread 439] INFO  com.browserstack.utils.Helpers - true
12:29:11.730 [ApplicationImpl pooled thread 461] INFO  c.b.l.BrowserStackRunExtension - junit
12:29:11.733 [ApplicationImpl pooled thread 461] INFO  com.browserstack.utils.Helpers - true
12:29:11.735 [ApplicationImpl pooled thread 461] INFO  com.browserstack.utils.Helpers - C:/Users/DELL/.m2/repository/com/browserstack/browserstack-java-sdk/1.32.0/browserstack-java-sdk-1.32.0.jar
12:29:11.735 [ApplicationImpl pooled thread 461] INFO  c.b.l.BrowserStackRunExtension - Agent path: C:/Users/DELL/.m2/repository/com/browserstack/browserstack-java-sdk/1.32.0/browserstack-java-sdk-1.32.0.jar
12:29:11.735 [ApplicationImpl pooled thread 461] INFO  c.b.l.BrowserStackRunExtension - Replacing existing Browserstack SDK javaagent argline
12:29:11.735 [ApplicationImpl pooled thread 461] INFO  c.b.l.BrowserStackRunExtension - Plugin version: v1.1.6
12:31:17.718 [ApplicationImpl pooled thread 475] INFO  c.b.l.BrowserStackRunExtension - junit
12:31:17.718 [ApplicationImpl pooled thread 475] INFO  com.browserstack.utils.Helpers - true
12:31:17.720 [ApplicationImpl pooled thread 475] INFO  com.browserstack.utils.Helpers - C:/Users/DELL/.m2/repository/com/browserstack/browserstack-java-sdk/1.32.0/browserstack-java-sdk-1.32.0.jar
12:31:17.720 [ApplicationImpl pooled thread 475] INFO  c.b.l.BrowserStackRunExtension - Agent path: C:/Users/DELL/.m2/repository/com/browserstack/browserstack-java-sdk/1.32.0/browserstack-java-sdk-1.32.0.jar
12:31:17.720 [ApplicationImpl pooled thread 475] INFO  c.b.l.BrowserStackRunExtension - Replacing existing Browserstack SDK javaagent argline
12:31:17.720 [ApplicationImpl pooled thread 475] INFO  c.b.l.BrowserStackRunExtension - Plugin version: v1.1.6
12:34:09.276 [ApplicationImpl pooled thread 493] INFO  c.b.l.BrowserStackRunExtension - junit
12:34:09.276 [ApplicationImpl pooled thread 493] INFO  com.browserstack.utils.Helpers - true
12:34:09.277 [ApplicationImpl pooled thread 493] INFO  com.browserstack.utils.Helpers - C:/Users/DELL/.m2/repository/com/browserstack/browserstack-java-sdk/1.32.0/browserstack-java-sdk-1.32.0.jar
12:34:09.277 [ApplicationImpl pooled thread 493] INFO  c.b.l.BrowserStackRunExtension - Agent path: C:/Users/DELL/.m2/repository/com/browserstack/browserstack-java-sdk/1.32.0/browserstack-java-sdk-1.32.0.jar
12:34:09.277 [ApplicationImpl pooled thread 493] INFO  c.b.l.BrowserStackRunExtension - Replacing existing Browserstack SDK javaagent argline
12:34:09.277 [ApplicationImpl pooled thread 493] INFO  c.b.l.BrowserStackRunExtension - Plugin version: v1.1.6
12:55:53.940 [ApplicationImpl pooled thread 513] INFO  c.b.l.BrowserStackRunExtension - junit
12:55:53.940 [ApplicationImpl pooled thread 513] INFO  com.browserstack.utils.Helpers - true
12:55:53.940 [ApplicationImpl pooled thread 513] INFO  com.browserstack.utils.Helpers - C:/Users/DELL/.m2/repository/com/browserstack/browserstack-java-sdk/1.32.0/browserstack-java-sdk-1.32.0.jar
12:55:53.940 [ApplicationImpl pooled thread 513] INFO  c.b.l.BrowserStackRunExtension - Agent path: C:/Users/DELL/.m2/repository/com/browserstack/browserstack-java-sdk/1.32.0/browserstack-java-sdk-1.32.0.jar
12:55:53.940 [ApplicationImpl pooled thread 513] INFO  c.b.l.BrowserStackRunExtension - Replacing existing Browserstack SDK javaagent argline
12:55:53.940 [ApplicationImpl pooled thread 513] INFO  c.b.l.BrowserStackRunExtension - Plugin version: v1.1.6
13:42:14.959 [ApplicationImpl pooled thread 632] INFO  c.b.l.BrowserStackRunExtension - cucumber java
13:42:14.959 [ApplicationImpl pooled thread 632] INFO  com.browserstack.utils.Helpers - true
13:42:14.963 [ApplicationImpl pooled thread 632] INFO  com.browserstack.utils.Helpers - C:/Users/DELL/.m2/repository/com/browserstack/browserstack-java-sdk/1.32.0/browserstack-java-sdk-1.32.0.jar
13:42:14.964 [ApplicationImpl pooled thread 632] INFO  c.b.l.BrowserStackRunExtension - Agent path: C:/Users/DELL/.m2/repository/com/browserstack/browserstack-java-sdk/1.32.0/browserstack-java-sdk-1.32.0.jar
13:42:14.964 [ApplicationImpl pooled thread 632] INFO  c.b.l.BrowserStackRunExtension - Adding Browserstack SDK javaagent argline
13:42:14.964 [ApplicationImpl pooled thread 632] INFO  c.b.l.BrowserStackRunExtension - Plugin version: v1.1.6
13:57:11.196 [ApplicationImpl pooled thread 667] INFO  c.b.l.BrowserStackRunExtension - cucumber java
13:57:11.197 [ApplicationImpl pooled thread 667] INFO  com.browserstack.utils.Helpers - true
13:57:11.198 [ApplicationImpl pooled thread 667] INFO  com.browserstack.utils.Helpers - C:/Users/DELL/.m2/repository/com/browserstack/browserstack-java-sdk/1.32.0/browserstack-java-sdk-1.32.0.jar
13:57:11.198 [ApplicationImpl pooled thread 667] INFO  c.b.l.BrowserStackRunExtension - Agent path: C:/Users/DELL/.m2/repository/com/browserstack/browserstack-java-sdk/1.32.0/browserstack-java-sdk-1.32.0.jar
13:57:11.198 [ApplicationImpl pooled thread 667] INFO  c.b.l.BrowserStackRunExtension - Adding Browserstack SDK javaagent argline
13:57:11.198 [ApplicationImpl pooled thread 667] INFO  c.b.l.BrowserStackRunExtension - Plugin version: v1.1.6
19:28:19.254 [AWT-EventQueue-0] INFO  c.b.actions.EnableBrowserStack - Setting enable browserstack run update
19:28:19.257 [AWT-EventQueue-0] INFO  com.browserstack.utils.Helpers - C:/Users/DELL/.m2/repository/com/browserstack/browserstack-java-sdk/1.32.0/browserstack-java-sdk-1.32.0.jar
19:28:19.257 [AWT-EventQueue-0] INFO  com.browserstack.utils.Helpers - true
19:28:19.274 [AWT-EventQueue-0] INFO  c.b.actions.DisableBrowserStack - Setting disable browserstack run update
19:28:19.275 [AWT-EventQueue-0] INFO  com.browserstack.utils.Helpers - C:/Users/DELL/.m2/repository/com/browserstack/browserstack-java-sdk/1.32.0/browserstack-java-sdk-1.32.0.jar
19:28:19.275 [AWT-EventQueue-0] INFO  com.browserstack.utils.Helpers - true
19:38:10.762 [ApplicationImpl pooled thread 116] INFO  c.b.l.BrowserStackRunExtension - junit
19:38:10.762 [ApplicationImpl pooled thread 116] INFO  com.browserstack.utils.Helpers - true
19:38:10.765 [ApplicationImpl pooled thread 116] INFO  com.browserstack.utils.Helpers - C:/Users/DELL/.m2/repository/com/browserstack/browserstack-java-sdk/1.32.0/browserstack-java-sdk-1.32.0.jar
19:38:10.765 [ApplicationImpl pooled thread 116] INFO  c.b.l.BrowserStackRunExtension - Agent path: C:/Users/DELL/.m2/repository/com/browserstack/browserstack-java-sdk/1.32.0/browserstack-java-sdk-1.32.0.jar
19:38:10.765 [ApplicationImpl pooled thread 116] INFO  c.b.l.BrowserStackRunExtension - Adding Browserstack SDK javaagent argline
19:38:10.765 [ApplicationImpl pooled thread 116] INFO  c.b.l.BrowserStackRunExtension - Plugin version: v1.1.6
19:40:30.844 [ApplicationImpl pooled thread 128] INFO  c.b.l.BrowserStackRunExtension - junit
19:40:30.844 [ApplicationImpl pooled thread 128] INFO  com.browserstack.utils.Helpers - true
19:40:30.846 [ApplicationImpl pooled thread 128] INFO  com.browserstack.utils.Helpers - C:/Users/DELL/.m2/repository/com/browserstack/browserstack-java-sdk/1.32.0/browserstack-java-sdk-1.32.0.jar
19:40:30.846 [ApplicationImpl pooled thread 128] INFO  c.b.l.BrowserStackRunExtension - Agent path: C:/Users/DELL/.m2/repository/com/browserstack/browserstack-java-sdk/1.32.0/browserstack-java-sdk-1.32.0.jar
19:40:30.846 [ApplicationImpl pooled thread 128] INFO  c.b.l.BrowserStackRunExtension - Adding Browserstack SDK javaagent argline
19:40:30.846 [ApplicationImpl pooled thread 128] INFO  c.b.l.BrowserStackRunExtension - Plugin version: v1.1.6
20:16:53.692 [ApplicationImpl pooled thread 166] INFO  c.b.l.BrowserStackRunExtension - junit
20:16:53.695 [ApplicationImpl pooled thread 166] INFO  com.browserstack.utils.Helpers - true
20:16:53.699 [ApplicationImpl pooled thread 166] INFO  com.browserstack.utils.Helpers - C:/Users/DELL/.m2/repository/com/browserstack/browserstack-java-sdk/1.32.0/browserstack-java-sdk-1.32.0.jar
20:16:53.699 [ApplicationImpl pooled thread 166] INFO  c.b.l.BrowserStackRunExtension - Agent path: C:/Users/DELL/.m2/repository/com/browserstack/browserstack-java-sdk/1.32.0/browserstack-java-sdk-1.32.0.jar
20:16:53.699 [ApplicationImpl pooled thread 166] INFO  c.b.l.BrowserStackRunExtension - Adding Browserstack SDK javaagent argline
20:16:53.699 [ApplicationImpl pooled thread 166] INFO  c.b.l.BrowserStackRunExtension - Plugin version: v1.1.6
20:27:49.151 [ApplicationImpl pooled thread 121] INFO  c.b.l.BrowserStackRunExtension - junit
20:27:49.152 [ApplicationImpl pooled thread 121] INFO  com.browserstack.utils.Helpers - true
20:27:49.154 [ApplicationImpl pooled thread 121] INFO  com.browserstack.utils.Helpers - C:/Users/DELL/.m2/repository/com/browserstack/browserstack-java-sdk/1.32.0/browserstack-java-sdk-1.32.0.jar
20:27:49.155 [ApplicationImpl pooled thread 121] INFO  c.b.l.BrowserStackRunExtension - Agent path: C:/Users/DELL/.m2/repository/com/browserstack/browserstack-java-sdk/1.32.0/browserstack-java-sdk-1.32.0.jar
20:27:49.155 [ApplicationImpl pooled thread 121] INFO  c.b.l.BrowserStackRunExtension - Adding Browserstack SDK javaagent argline
20:27:49.155 [ApplicationImpl pooled thread 121] INFO  c.b.l.BrowserStackRunExtension - Plugin version: v1.1.6
21:03:05.805 [ApplicationImpl pooled thread 220] INFO  c.b.l.BrowserStackRunExtension - junit
21:03:05.805 [ApplicationImpl pooled thread 220] INFO  com.browserstack.utils.Helpers - true
21:03:05.807 [ApplicationImpl pooled thread 220] INFO  com.browserstack.utils.Helpers - C:/Users/DELL/.m2/repository/com/browserstack/browserstack-java-sdk/1.32.0/browserstack-java-sdk-1.32.0.jar
21:03:05.808 [ApplicationImpl pooled thread 220] INFO  c.b.l.BrowserStackRunExtension - Agent path: C:/Users/DELL/.m2/repository/com/browserstack/browserstack-java-sdk/1.32.0/browserstack-java-sdk-1.32.0.jar
21:03:05.808 [ApplicationImpl pooled thread 220] INFO  c.b.l.BrowserStackRunExtension - Adding Browserstack SDK javaagent argline
21:03:05.808 [ApplicationImpl pooled thread 220] INFO  c.b.l.BrowserStackRunExtension - Plugin version: v1.1.6
21:05:39.400 [ApplicationImpl pooled thread 235] INFO  c.b.l.BrowserStackRunExtension - junit
21:05:39.401 [ApplicationImpl pooled thread 235] INFO  com.browserstack.utils.Helpers - true
21:05:39.408 [ApplicationImpl pooled thread 235] INFO  com.browserstack.utils.Helpers - C:/Users/DELL/.m2/repository/com/browserstack/browserstack-java-sdk/1.32.0/browserstack-java-sdk-1.32.0.jar
21:05:39.408 [ApplicationImpl pooled thread 235] INFO  c.b.l.BrowserStackRunExtension - Agent path: C:/Users/DELL/.m2/repository/com/browserstack/browserstack-java-sdk/1.32.0/browserstack-java-sdk-1.32.0.jar
21:05:39.408 [ApplicationImpl pooled thread 235] INFO  c.b.l.BrowserStackRunExtension - Adding Browserstack SDK javaagent argline
21:05:39.408 [ApplicationImpl pooled thread 235] INFO  c.b.l.BrowserStackRunExtension - Plugin version: v1.1.6
21:15:02.345 [ApplicationImpl pooled thread 287] INFO  c.b.l.BrowserStackRunExtension - junit
21:15:02.345 [ApplicationImpl pooled thread 287] INFO  com.browserstack.utils.Helpers - true
21:15:02.347 [ApplicationImpl pooled thread 287] INFO  com.browserstack.utils.Helpers - C:/Users/DELL/.m2/repository/com/browserstack/browserstack-java-sdk/1.32.0/browserstack-java-sdk-1.32.0.jar
21:15:02.348 [ApplicationImpl pooled thread 287] INFO  c.b.l.BrowserStackRunExtension - Agent path: C:/Users/DELL/.m2/repository/com/browserstack/browserstack-java-sdk/1.32.0/browserstack-java-sdk-1.32.0.jar
21:15:02.348 [ApplicationImpl pooled thread 287] INFO  c.b.l.BrowserStackRunExtension - Adding Browserstack SDK javaagent argline
21:15:02.348 [ApplicationImpl pooled thread 287] INFO  c.b.l.BrowserStackRunExtension - Plugin version: v1.1.6
